C51 COMPILER V9.60.0.0   MAIN                                                              08/27/2024 12:48:28 PAGE 1   


C51 COMPILER V9.60.0.0, COMPILATION OF MODULE MAIN
OBJECT MODULE PLACED IN .\Objects\main.obj
COMPILER INVOKED BY: D:\Keil_v5\C51\BIN\C51.EXE main.c OPTIMIZE(8,SPEED) BROWSE DEBUG OBJECTEXTEND PRINT(.\Listings\main
                    -.lst) TABS(2) OBJECT(.\Objects\main.obj)

line level    source

   1          #include "REG52.H"
   2          
   3          #define TIMS (65536 - 9216) // 10ms定时
   4          
   5          sbit lcd1 = P2 ^ 0;
   6          
   7          sbit lsc = P2 ^ 4;
   8          sbit lsb = P2 ^ 3;
   9          sbit lsa = P2 ^ 2;
  10          
  11          sbit key0 = P3 ^ 0;
  12          sbit key1 = P3 ^ 2;
  13          sbit key2 = P3 ^ 3;
  14          
  15          void set_138(int arr[3])
  16          {
  17   1          lsc = arr[0];
  18   1          lsb = arr[1];
  19   1          lsa = arr[2];
  20   1      }
  21          
  22          char DSY_CODE[] =
  23              {0x3F, 0x06, 0x5B, 0x4F, 0x66, 0x6D, 0x7D, 0x07, 0x7F, 0x6F}; // 共阴极数码管0~9
  24          
  25          char a = 0, hour = 0, min = 0, sec = 0;
  26          char b = 0, c = 0, d = 0;
  27          
  28          void delay(unsigned int n) // 延时函数（运行空项目以达到延迟时间的效果）
  29          {
  30   1          unsigned int i, j;
  31   1          for (i = 0; i < n; i++)
  32   1          {
  33   2              for (j = 0; j < 120; j++)
  34   2                  ;
  35   2          }
  36   1      }
  37          
  38          void init()
  39          {
  40   1          TMOD = 0x01;
  41   1          TL0 = TIMS;
  42   1          TH0 = TIMS >> 8;
  43   1          ET0 = 1;
  44   1          EA = 1;
  45   1          TR0 = 1;
  46   1      }
  47          
  48          int location[8][3] = {{0, 0, 0}, {0, 0, 1}, {0, 1, 0}, {0, 1, 1}, {1, 0, 0}, {1, 0, 1}, {1, 1, 0}, {1, 1, 
             -1}}; // 晶体管8个位置
  49          // int locate = 0;
  50          
  51          void display()
  52          {
  53   1          unsigned char t[] = {0, 0, 0, 0, 0, 0}; // 代表时针分针秒针的个位和十位
C51 COMPILER V9.60.0.0   MAIN                                                              08/27/2024 12:48:28 PAGE 2   

  54   1          t[0] = hour / 10;                       // 时针十位
  55   1          t[1] = hour % 10;
  56   1          t[2] = min / 10;
  57   1          t[3] = min % 10;
  58   1          t[4] = sec / 10;
  59   1          t[5] = sec % 10;
  60   1          set_138(location[0]); // 控制第一个数码管
  61   1          P0 = DSY_CODE[t[5]];
  62   1          delay(1);
  63   1          set_138(location[1]);
  64   1          P0 = DSY_CODE[t[4]];
  65   1          delay(1);
  66   1          set_138(location[2]);
  67   1          P0 = 0x40;
  68   1          delay(1);
  69   1          set_138(location[3]);
  70   1          P0 = DSY_CODE[t[3]];
  71   1          delay(1);
  72   1          set_138(location[4]);
  73   1          P0 = DSY_CODE[t[2]];
  74   1          delay(1);
  75   1          set_138(location[5]);
  76   1          P0 = 0x40;
  77   1          delay(1);
  78   1          set_138(location[6]);
  79   1          P0 = DSY_CODE[t[1]];
  80   1          delay(1);
  81   1          set_138(location[7]);
  82   1          P0 = DSY_CODE[t[0]];
  83   1          delay(1);
  84   1      }
  85          
  86          void main()
  87          {
  88   1          init();
  89   1      
  90   1          while (1)
  91   1          {
  92   2              display();
  93   2          }
  94   1      }
  95          
  96          int count = 0;
  97          
  98          void timer0() interrupt 1 // 定时器用于规范
  99          {
 100   1          TH0 = TIMS >> 8;
 101   1          TL0 = TIMS;
 102   1          count++;
 103   1          if (count >= 100)
 104   1          {
 105   2              count = 0;
 106   2              sec++;
 107   2          }
 108   1          if (sec == 60)
 109   1          {
 110   2              sec = 0;
 111   2              min++;
 112   2          }
 113   1          if (min == 60)
 114   1          {
 115   2              min = 0;
C51 COMPILER V9.60.0.0   MAIN                                                              08/27/2024 12:48:28 PAGE 3   

 116   2              hour++;
 117   2          }
 118   1          if (hour == 24)
 119   1          {
 120   2              hour = 0;
 121   2          }
 122   1      }


MODULE INFORMATION:   STATIC OVERLAYABLE
   CODE SIZE        =    416    ----
   CONSTANT SIZE    =      6    ----
   XDATA SIZE       =   ----    ----
   PDATA SIZE       =   ----    ----
   DATA SIZE        =     67       6
   IDATA SIZE       =   ----    ----
   BIT SIZE         =   ----    ----
END OF MODULE INFORMATION.


C51 COMPILATION COMPLETE.  0 WARNING(S),  0 ERROR(S)
